Build started 09/10/2018 11:57:50 AM.
     1>Project "C:\Users\Owner\Desktop\LB\Programs\Class\stringcopy\stringcopy\stringcopy.vcxproj" on node 2 (build target(s)).
     1>InitializeBuildStatus:
         Creating "Debug\stringcopy.unsuccessfulbuild" because "AlwaysCreate" was specified.
       ClCompile:
         C:\Program Files (x86)\Microsoft Visual Studio 10.0\VC\bin\CL.exe /c /ZI /nologo /W3 /WX- /Od /Oy- /D WIN32 /D _DEBUG /D _CONSOLE /D _UNICODE /D UNICODE /Gm /EHsc /RTC1 /MDd /GS /fp:precise /Zc:wchar_t /Zc:forScope /Fo"Debug\\" /Fd"Debug\vc100.pdb" /Gd /TP /analyze- /errorReport:prompt main.cpp
         main.cpp
     1>c:\users\owner\desktop\lb\programs\class\stringcopy\stringcopy\main.cpp(57): warning C4996: 'scanf': This function or variable may be unsafe. Consider using scanf_s instead. To disable deprecation, use _CRT_SECURE_NO_WARNINGS. See online help for details.
                 c:\program files (x86)\microsoft visual studio 10.0\vc\include\stdio.h(304) : see declaration of 'scanf'
       ManifestResourceCompile:
         All outputs are up-to-date.
       Link:
         C:\Program Files (x86)\Microsoft Visual Studio 10.0\VC\bin\link.exe /ERRORREPORT:PROMPT /OUT:"C:\Users\Owner\Desktop\LB\Programs\Class\stringcopy\Debug\stringcopy.exe" /INCREMENTAL /NOLOGO kernel32.lib user32.lib gdi32.lib winspool.lib comdlg32.lib advapi32.lib shell32.lib ole32.lib oleaut32.lib uuid.lib odbc32.lib odbccp32.lib /MANIFEST /ManifestFile:"Debug\stringcopy.exe.intermediate.manifest" /MANIFESTUAC:"level='asInvoker' uiAccess='false'" /DEBUG /PDB:"C:\Users\Owner\Desktop\LB\Programs\Class\stringcopy\Debug\stringcopy.pdb" /SUBSYSTEM:CONSOLE /TLBID:1 /DYNAMICBASE /NXCOMPAT /IMPLIB:"C:\Users\Owner\Desktop\LB\Programs\Class\stringcopy\Debug\stringcopy.lib" /MACHINE:X86 Debug\stringcopy.exe.embed.manifest.res
         Debug\main.obj
       Manifest:
         C:\Program Files (x86)\Microsoft SDKs\Windows\v7.0A\bin\mt.exe /nologo /verbose /out:"Debug\stringcopy.exe.embed.manifest" /manifest Debug\stringcopy.exe.intermediate.manifest
         All outputs are up-to-date.
       LinkEmbedManifest:
         All outputs are up-to-date.
         stringcopy.vcxproj -> C:\Users\Owner\Desktop\LB\Programs\Class\stringcopy\Debug\stringcopy.exe
       FinalizeBuildStatus:
         Deleting file "Debug\stringcopy.unsuccessfulbuild".
         Touching "Debug\stringcopy.lastbuildstate".
     1>Done Building Project "C:\Users\Owner\Desktop\LB\Programs\Class\stringcopy\stringcopy\stringcopy.vcxproj" (build target(s)).

Build succeeded.

Time Elapsed 00:00:00.82
