Build started 04/10/2018 11:53:09 AM.
     1>Project "C:\Users\Owner\Desktop\LB\Programs\Class\strcpysmall\strcpysmall\strcpysmall.vcxproj" on node 2 (build target(s)).
     1>PrepareForBuild:
         Creating directory "C:\Users\Owner\Desktop\LB\Programs\Class\strcpysmall\Debug\".
       InitializeBuildStatus:
         Creating "Debug\strcpysmall.unsuccessfulbuild" because "AlwaysCreate" was specified.
       ClCompile:
         C:\Program Files (x86)\Microsoft Visual Studio 10.0\VC\bin\CL.exe /c /ZI /nologo /W3 /WX- /Od /Oy- /D WIN32 /D _DEBUG /D _CONSOLE /D _UNICODE /D UNICODE /Gm /EHsc /RTC1 /MDd /GS /fp:precise /Zc:wchar_t /Zc:forScope /Fo"Debug\\" /Fd"Debug\vc100.pdb" /Gd /TP /analyze- /errorReport:prompt main.cpp
         main.cpp
       ManifestResourceCompile:
         C:\Program Files (x86)\Microsoft SDKs\Windows\v7.0A\bin\rc.exe /nologo /fo"Debug\strcpysmall.exe.embed.manifest.res" Debug\strcpysmall_manifest.rc 
       Link:
         C:\Program Files (x86)\Microsoft Visual Studio 10.0\VC\bin\link.exe /ERRORREPORT:PROMPT /OUT:"C:\Users\Owner\Desktop\LB\Programs\Class\strcpysmall\Debug\strcpysmall.exe" /INCREMENTAL /NOLOGO kernel32.lib user32.lib gdi32.lib winspool.lib comdlg32.lib advapi32.lib shell32.lib ole32.lib oleaut32.lib uuid.lib odbc32.lib odbccp32.lib /MANIFEST /ManifestFile:"Debug\strcpysmall.exe.intermediate.manifest" /MANIFESTUAC:"level='asInvoker' uiAccess='false'" /DEBUG /PDB:"C:\Users\Owner\Desktop\LB\Programs\Class\strcpysmall\Debug\strcpysmall.pdb" /SUBSYSTEM:CONSOLE /TLBID:1 /DYNAMICBASE /NXCOMPAT /IMPLIB:"C:\Users\Owner\Desktop\LB\Programs\Class\strcpysmall\Debug\strcpysmall.lib" /MACHINE:X86 Debug\strcpysmall.exe.embed.manifest.res
         Debug\main.obj
       Manifest:
         C:\Program Files (x86)\Microsoft SDKs\Windows\v7.0A\bin\mt.exe /nologo /verbose /out:"Debug\strcpysmall.exe.embed.manifest" /manifest Debug\strcpysmall.exe.intermediate.manifest
         C:\Program Files (x86)\Microsoft SDKs\Windows\v7.0A\bin\rc.exe /nologo /fo"Debug\strcpysmall.exe.embed.manifest.res" Debug\strcpysmall_manifest.rc 
       LinkEmbedManifest:
         C:\Program Files (x86)\Microsoft Visual Studio 10.0\VC\bin\link.exe /ERRORREPORT:PROMPT /OUT:"C:\Users\Owner\Desktop\LB\Programs\Class\strcpysmall\Debug\strcpysmall.exe" /INCREMENTAL /NOLOGO kernel32.lib user32.lib gdi32.lib winspool.lib comdlg32.lib advapi32.lib shell32.lib ole32.lib oleaut32.lib uuid.lib odbc32.lib odbccp32.lib /MANIFEST /ManifestFile:"Debug\strcpysmall.exe.intermediate.manifest" /MANIFESTUAC:"level='asInvoker' uiAccess='false'" /DEBUG /PDB:"C:\Users\Owner\Desktop\LB\Programs\Class\strcpysmall\Debug\strcpysmall.pdb" /SUBSYSTEM:CONSOLE /TLBID:1 /DYNAMICBASE /NXCOMPAT /IMPLIB:"C:\Users\Owner\Desktop\LB\Programs\Class\strcpysmall\Debug\strcpysmall.lib" /MACHINE:X86 Debug\strcpysmall.exe.embed.manifest.res
         Debug\main.obj
         strcpysmall.vcxproj -> C:\Users\Owner\Desktop\LB\Programs\Class\strcpysmall\Debug\strcpysmall.exe
       FinalizeBuildStatus:
         Deleting file "Debug\strcpysmall.unsuccessfulbuild".
         Touching "Debug\strcpysmall.lastbuildstate".
     1>Done Building Project "C:\Users\Owner\Desktop\LB\Programs\Class\strcpysmall\strcpysmall\strcpysmall.vcxproj" (build target(s)).

Build succeeded.

Time Elapsed 00:00:01.25
